[2025-12-10T19:02:11.384+0000] {local_task_job_runner.py:123} INFO - ::group::Pre task execution logs
[2025-12-10T19:02:11.481+0000] {taskinstance.py:2614} INFO - Dependencies all met for dep_context=non-requeueable deps ti=<TaskInstance: my_dag.my_task scheduled__2025-12-01T00:00:00+00:00 [queued]>
[2025-12-10T19:02:11.516+0000] {taskinstance.py:2614} INFO - Dependencies all met for dep_context=requeueable deps ti=<TaskInstance: my_dag.my_task scheduled__2025-12-01T00:00:00+00:00 [queued]>
[2025-12-10T19:02:11.522+0000] {taskinstance.py:2867} INFO - Starting attempt 1 of 2
[2025-12-10T19:02:11.589+0000] {taskinstance.py:2890} INFO - Executing <Task(PythonOperator): my_task> on 2025-12-01 00:00:00+00:00
[2025-12-10T19:02:11.637+0000] {standard_task_runner.py:104} INFO - Running: ['***', 'tasks', 'run', 'my_dag', 'my_task', 'scheduled__2025-12-01T00:00:00+00:00', '--job-id', '4', '--raw', '--subdir', 'DAGS_FOLDER/my_dag.py', '--cfg-path', '/tmp/tmpi3lju7c4']
[2025-12-10T19:02:11.625+0000] {warnings.py:112} WARNING - /home/***/.local/lib/python3.12/site-packages/***/task/task_runner/standard_task_runner.py:70: DeprecationWarning: This process (pid=61) is multi-threaded, use of fork() may lead to deadlocks in the child.
  pid = os.fork()

[2025-12-10T19:02:11.648+0000] {standard_task_runner.py:105} INFO - Job 4: Subtask my_task
[2025-12-10T19:02:11.651+0000] {standard_task_runner.py:72} INFO - Started process 74 to run task
[2025-12-10T19:02:11.712+0000] {warnings.py:112} WARNING - /home/***/.local/lib/python3.12/site-packages/***/settings.py:209: DeprecationWarning: The sql_alchemy_conn option in [core] has been moved to the sql_alchemy_conn option in [database] - the old setting has been used, but please update your config.
  SQL_ALCHEMY_CONN = conf.get("database", "SQL_ALCHEMY_CONN")

[2025-12-10T19:02:11.813+0000] {task_command.py:467} INFO - Running <TaskInstance: my_dag.my_task scheduled__2025-12-01T00:00:00+00:00 [running]> on host e4ab97893ccb
[2025-12-10T19:02:11.828+0000] {warnings.py:112} WARNING - /home/***/.local/lib/python3.12/site-packages/***/settings.py:470: DeprecationWarning: The sql_alchemy_conn option in [core] has been moved to the sql_alchemy_conn option in [database] - the old setting has been used, but please update your config.
  if conf.get("database", "sql_alchemy_conn") == "none://":

[2025-12-10T19:02:12.084+0000] {taskinstance.py:3134} INFO - Exporting env vars: AIRFLOW_CTX_DAG_OWNER='***' AIRFLOW_CTX_DAG_ID='my_dag' AIRFLOW_CTX_TASK_ID='my_task' AIRFLOW_CTX_EXECUTION_DATE='2025-12-01T00:00:00+00:00' AIRFLOW_CTX_TRY_NUMBER='1' AIRFLOW_CTX_DAG_RUN_ID='scheduled__2025-12-01T00:00:00+00:00'
[2025-12-10T19:02:12.091+0000] {taskinstance.py:732} INFO - ::endgroup::
[2025-12-10T19:02:12.153+0000] {logging_mixin.py:190} INFO - Hello, Airflow!
[2025-12-10T19:02:22.124+0000] {logging_mixin.py:190} INFO - Task completed.
[2025-12-10T19:02:22.126+0000] {python.py:240} INFO - Done. Returned value was: None
[2025-12-10T19:02:22.153+0000] {taskinstance.py:341} INFO - ::group::Post task execution logs
[2025-12-10T19:02:22.155+0000] {taskinstance.py:353} INFO - Marking task as SUCCESS. dag_id=my_dag, task_id=my_task, run_id=scheduled__2025-12-01T00:00:00+00:00, execution_date=20251201T000000, start_date=20251210T190211, end_date=20251210T190222
[2025-12-10T19:02:22.237+0000] {local_task_job_runner.py:266} INFO - Task exited with return code 0
[2025-12-10T19:02:22.245+0000] {local_task_job_runner.py:245} INFO - ::endgroup::
