[2025-12-10T19:02:12.673+0000] {local_task_job_runner.py:123} INFO - ::group::Pre task execution logs
[2025-12-10T19:02:12.701+0000] {taskinstance.py:2614} INFO - Dependencies all met for dep_context=non-requeueable deps ti=<TaskInstance: my_dag.my_task scheduled__2025-12-09T00:00:00+00:00 [queued]>
[2025-12-10T19:02:12.715+0000] {taskinstance.py:2614} INFO - Dependencies all met for dep_context=requeueable deps ti=<TaskInstance: my_dag.my_task scheduled__2025-12-09T00:00:00+00:00 [queued]>
[2025-12-10T19:02:12.716+0000] {taskinstance.py:2867} INFO - Starting attempt 1 of 2
[2025-12-10T19:02:12.734+0000] {taskinstance.py:2890} INFO - Executing <Task(PythonOperator): my_task> on 2025-12-09 00:00:00+00:00
[2025-12-10T19:02:12.748+0000] {warnings.py:112} WARNING - /home/***/.local/lib/python3.12/site-packages/***/task/task_runner/standard_task_runner.py:70: DeprecationWarning: This process (pid=73) is multi-threaded, use of fork() may lead to deadlocks in the child.
  pid = os.fork()

[2025-12-10T19:02:12.753+0000] {standard_task_runner.py:104} INFO - Running: ['***', 'tasks', 'run', 'my_dag', 'my_task', 'scheduled__2025-12-09T00:00:00+00:00', '--job-id', '12', '--raw', '--subdir', 'DAGS_FOLDER/my_dag.py', '--cfg-path', '/tmp/tmptwbbp0cv']
[2025-12-10T19:02:12.759+0000] {standard_task_runner.py:72} INFO - Started process 90 to run task
[2025-12-10T19:02:12.759+0000] {standard_task_runner.py:105} INFO - Job 12: Subtask my_task
[2025-12-10T19:02:12.801+0000] {warnings.py:112} WARNING - /home/***/.local/lib/python3.12/site-packages/***/settings.py:209: DeprecationWarning: The sql_alchemy_conn option in [core] has been moved to the sql_alchemy_conn option in [database] - the old setting has been used, but please update your config.
  SQL_ALCHEMY_CONN = conf.get("database", "SQL_ALCHEMY_CONN")

[2025-12-10T19:02:12.890+0000] {task_command.py:467} INFO - Running <TaskInstance: my_dag.my_task scheduled__2025-12-09T00:00:00+00:00 [running]> on host e4ab97893ccb
[2025-12-10T19:02:12.892+0000] {warnings.py:112} WARNING - /home/***/.local/lib/python3.12/site-packages/***/settings.py:470: DeprecationWarning: The sql_alchemy_conn option in [core] has been moved to the sql_alchemy_conn option in [database] - the old setting has been used, but please update your config.
  if conf.get("database", "sql_alchemy_conn") == "none://":

[2025-12-10T19:02:13.006+0000] {taskinstance.py:3134} INFO - Exporting env vars: AIRFLOW_CTX_DAG_OWNER='***' AIRFLOW_CTX_DAG_ID='my_dag' AIRFLOW_CTX_TASK_ID='my_task' AIRFLOW_CTX_EXECUTION_DATE='2025-12-09T00:00:00+00:00' AIRFLOW_CTX_TRY_NUMBER='1' AIRFLOW_CTX_DAG_RUN_ID='scheduled__2025-12-09T00:00:00+00:00'
[2025-12-10T19:02:13.008+0000] {taskinstance.py:732} INFO - ::endgroup::
[2025-12-10T19:02:13.038+0000] {logging_mixin.py:190} INFO - Hello, Airflow!
[2025-12-10T19:02:23.009+0000] {logging_mixin.py:190} INFO - Task completed.
[2025-12-10T19:02:23.010+0000] {python.py:240} INFO - Done. Returned value was: None
[2025-12-10T19:02:23.024+0000] {taskinstance.py:341} INFO - ::group::Post task execution logs
[2025-12-10T19:02:23.025+0000] {taskinstance.py:353} INFO - Marking task as SUCCESS. dag_id=my_dag, task_id=my_task, run_id=scheduled__2025-12-09T00:00:00+00:00, execution_date=20251209T000000, start_date=20251210T190212, end_date=20251210T190223
[2025-12-10T19:02:23.091+0000] {local_task_job_runner.py:266} INFO - Task exited with return code 0
[2025-12-10T19:02:23.111+0000] {taskinstance.py:3901} INFO - 0 downstream tasks scheduled from follow-on schedule check
[2025-12-10T19:02:23.114+0000] {local_task_job_runner.py:245} INFO - ::endgroup::
