[2025-12-10T19:01:17.314+0000] {processor.py:186} INFO - Started process (PID=42) to work on /opt/airflow/dags/my_dag.py
[2025-12-10T19:01:17.316+0000] {processor.py:914} INFO - Processing file /opt/airflow/dags/my_dag.py for tasks to queue
[2025-12-10T19:01:17.318+0000] {logging_mixin.py:190} INFO - [2025-12-10T19:01:17.318+0000] {dagbag.py:588} INFO - Filling up the DagBag from /opt/airflow/dags/my_dag.py
[2025-12-10T19:01:17.403+0000] {processor.py:925} INFO - DAG(s) 'my_dag' retrieved from /opt/airflow/dags/my_dag.py
[2025-12-10T19:01:17.675+0000] {logging_mixin.py:190} INFO - [2025-12-10T19:01:17.675+0000] {override.py:1912} INFO - Created Permission View: can delete on DAG:my_dag
[2025-12-10T19:01:17.686+0000] {logging_mixin.py:190} INFO - [2025-12-10T19:01:17.686+0000] {override.py:1912} INFO - Created Permission View: can edit on DAG:my_dag
[2025-12-10T19:01:17.693+0000] {logging_mixin.py:190} INFO - [2025-12-10T19:01:17.693+0000] {override.py:1912} INFO - Created Permission View: can read on DAG:my_dag
[2025-12-10T19:01:17.702+0000] {logging_mixin.py:190} INFO - [2025-12-10T19:01:17.701+0000] {override.py:1912} INFO - Created Permission View: menu access on DAG Run:my_dag
[2025-12-10T19:01:17.708+0000] {logging_mixin.py:190} INFO - [2025-12-10T19:01:17.707+0000] {override.py:1912} INFO - Created Permission View: can create on DAG Run:my_dag
[2025-12-10T19:01:17.713+0000] {logging_mixin.py:190} INFO - [2025-12-10T19:01:17.713+0000] {override.py:1912} INFO - Created Permission View: can delete on DAG Run:my_dag
[2025-12-10T19:01:17.719+0000] {logging_mixin.py:190} INFO - [2025-12-10T19:01:17.719+0000] {override.py:1912} INFO - Created Permission View: can read on DAG Run:my_dag
[2025-12-10T19:01:17.720+0000] {logging_mixin.py:190} INFO - [2025-12-10T19:01:17.720+0000] {dag.py:3239} INFO - Sync 1 DAGs
[2025-12-10T19:01:17.738+0000] {logging_mixin.py:190} INFO - [2025-12-10T19:01:17.738+0000] {dag.py:3262} INFO - Creating ORM DAG for my_dag
[2025-12-10T19:01:18.064+0000] {logging_mixin.py:190} INFO - [2025-12-10T19:01:18.064+0000] {dag.py:4180} INFO - Setting next_dagrun for my_dag to 2025-11-29 00:00:00+00:00, run_after=2025-11-30 00:00:00+00:00
[2025-12-10T19:01:18.083+0000] {processor.py:208} INFO - Processing /opt/airflow/dags/my_dag.py took 0.776 seconds
[2025-12-10T19:01:48.723+0000] {processor.py:186} INFO - Started process (PID=43) to work on /opt/airflow/dags/my_dag.py
[2025-12-10T19:01:48.724+0000] {processor.py:914} INFO - Processing file /opt/airflow/dags/my_dag.py for tasks to queue
[2025-12-10T19:01:48.727+0000] {logging_mixin.py:190} INFO - [2025-12-10T19:01:48.727+0000] {dagbag.py:588} INFO - Filling up the DagBag from /opt/airflow/dags/my_dag.py
[2025-12-10T19:01:48.764+0000] {processor.py:925} INFO - DAG(s) 'my_dag' retrieved from /opt/airflow/dags/my_dag.py
[2025-12-10T19:01:48.791+0000] {logging_mixin.py:190} INFO - [2025-12-10T19:01:48.791+0000] {dag.py:3239} INFO - Sync 1 DAGs
[2025-12-10T19:01:48.818+0000] {logging_mixin.py:190} INFO - [2025-12-10T19:01:48.817+0000] {dag.py:4180} INFO - Setting next_dagrun for my_dag to 2025-11-29 00:00:00+00:00, run_after=2025-11-30 00:00:00+00:00
[2025-12-10T19:01:48.841+0000] {processor.py:208} INFO - Processing /opt/airflow/dags/my_dag.py took 0.126 seconds
[2025-12-10T19:02:19.419+0000] {processor.py:186} INFO - Started process (PID=44) to work on /opt/airflow/dags/my_dag.py
[2025-12-10T19:02:19.421+0000] {processor.py:914} INFO - Processing file /opt/airflow/dags/my_dag.py for tasks to queue
[2025-12-10T19:02:19.425+0000] {logging_mixin.py:190} INFO - [2025-12-10T19:02:19.424+0000] {dagbag.py:588} INFO - Filling up the DagBag from /opt/airflow/dags/my_dag.py
[2025-12-10T19:02:19.466+0000] {processor.py:925} INFO - DAG(s) 'my_dag' retrieved from /opt/airflow/dags/my_dag.py
[2025-12-10T19:02:19.500+0000] {logging_mixin.py:190} INFO - [2025-12-10T19:02:19.500+0000] {dag.py:3239} INFO - Sync 1 DAGs
[2025-12-10T19:02:19.545+0000] {logging_mixin.py:190} INFO - [2025-12-10T19:02:19.545+0000] {dag.py:4180} INFO - Setting next_dagrun for my_dag to 2025-12-10 00:00:00+00:00, run_after=2025-12-11 00:00:00+00:00
[2025-12-10T19:02:19.576+0000] {processor.py:208} INFO - Processing /opt/airflow/dags/my_dag.py took 0.186 seconds
[2025-12-10T19:02:50.088+0000] {processor.py:186} INFO - Started process (PID=45) to work on /opt/airflow/dags/my_dag.py
[2025-12-10T19:02:50.090+0000] {processor.py:914} INFO - Processing file /opt/airflow/dags/my_dag.py for tasks to queue
[2025-12-10T19:02:50.094+0000] {logging_mixin.py:190} INFO - [2025-12-10T19:02:50.094+0000] {dagbag.py:588} INFO - Filling up the DagBag from /opt/airflow/dags/my_dag.py
[2025-12-10T19:02:50.133+0000] {processor.py:925} INFO - DAG(s) 'my_dag' retrieved from /opt/airflow/dags/my_dag.py
[2025-12-10T19:02:50.175+0000] {logging_mixin.py:190} INFO - [2025-12-10T19:02:50.175+0000] {dag.py:3239} INFO - Sync 1 DAGs
[2025-12-10T19:02:50.211+0000] {logging_mixin.py:190} INFO - [2025-12-10T19:02:50.211+0000] {dag.py:4180} INFO - Setting next_dagrun for my_dag to 2025-12-10 00:00:00+00:00, run_after=2025-12-11 00:00:00+00:00
[2025-12-10T19:02:50.246+0000] {processor.py:208} INFO - Processing /opt/airflow/dags/my_dag.py took 0.166 seconds
[2025-12-10T19:03:20.602+0000] {processor.py:186} INFO - Started process (PID=46) to work on /opt/airflow/dags/my_dag.py
[2025-12-10T19:03:20.605+0000] {processor.py:914} INFO - Processing file /opt/airflow/dags/my_dag.py for tasks to queue
[2025-12-10T19:03:20.608+0000] {logging_mixin.py:190} INFO - [2025-12-10T19:03:20.608+0000] {dagbag.py:588} INFO - Filling up the DagBag from /opt/airflow/dags/my_dag.py
[2025-12-10T19:03:20.645+0000] {processor.py:925} INFO - DAG(s) 'my_dag' retrieved from /opt/airflow/dags/my_dag.py
[2025-12-10T19:03:20.672+0000] {logging_mixin.py:190} INFO - [2025-12-10T19:03:20.671+0000] {dag.py:3239} INFO - Sync 1 DAGs
[2025-12-10T19:03:20.699+0000] {logging_mixin.py:190} INFO - [2025-12-10T19:03:20.699+0000] {dag.py:4180} INFO - Setting next_dagrun for my_dag to 2025-12-10 00:00:00+00:00, run_after=2025-12-11 00:00:00+00:00
[2025-12-10T19:03:20.742+0000] {processor.py:208} INFO - Processing /opt/airflow/dags/my_dag.py took 0.146 seconds
[2025-12-10T19:03:51.471+0000] {processor.py:186} INFO - Started process (PID=47) to work on /opt/airflow/dags/my_dag.py
[2025-12-10T19:03:51.473+0000] {processor.py:914} INFO - Processing file /opt/airflow/dags/my_dag.py for tasks to queue
[2025-12-10T19:03:51.475+0000] {logging_mixin.py:190} INFO - [2025-12-10T19:03:51.475+0000] {dagbag.py:588} INFO - Filling up the DagBag from /opt/airflow/dags/my_dag.py
[2025-12-10T19:03:51.509+0000] {processor.py:925} INFO - DAG(s) 'my_dag' retrieved from /opt/airflow/dags/my_dag.py
[2025-12-10T19:03:51.533+0000] {logging_mixin.py:190} INFO - [2025-12-10T19:03:51.533+0000] {dag.py:3239} INFO - Sync 1 DAGs
[2025-12-10T19:03:51.556+0000] {logging_mixin.py:190} INFO - [2025-12-10T19:03:51.556+0000] {dag.py:4180} INFO - Setting next_dagrun for my_dag to 2025-12-10 00:00:00+00:00, run_after=2025-12-11 00:00:00+00:00
[2025-12-10T19:03:51.584+0000] {processor.py:208} INFO - Processing /opt/airflow/dags/my_dag.py took 0.120 seconds
[2025-12-10T19:04:22.030+0000] {processor.py:186} INFO - Started process (PID=48) to work on /opt/airflow/dags/my_dag.py
[2025-12-10T19:04:22.031+0000] {processor.py:914} INFO - Processing file /opt/airflow/dags/my_dag.py for tasks to queue
[2025-12-10T19:04:22.033+0000] {logging_mixin.py:190} INFO - [2025-12-10T19:04:22.033+0000] {dagbag.py:588} INFO - Filling up the DagBag from /opt/airflow/dags/my_dag.py
[2025-12-10T19:04:22.058+0000] {processor.py:925} INFO - DAG(s) 'my_dag' retrieved from /opt/airflow/dags/my_dag.py
[2025-12-10T19:04:22.081+0000] {logging_mixin.py:190} INFO - [2025-12-10T19:04:22.081+0000] {dag.py:3239} INFO - Sync 1 DAGs
[2025-12-10T19:04:22.102+0000] {logging_mixin.py:190} INFO - [2025-12-10T19:04:22.102+0000] {dag.py:4180} INFO - Setting next_dagrun for my_dag to 2025-12-10 00:00:00+00:00, run_after=2025-12-11 00:00:00+00:00
[2025-12-10T19:04:22.127+0000] {processor.py:208} INFO - Processing /opt/airflow/dags/my_dag.py took 0.103 seconds
[2025-12-10T19:04:52.563+0000] {processor.py:186} INFO - Started process (PID=49) to work on /opt/airflow/dags/my_dag.py
[2025-12-10T19:04:52.566+0000] {processor.py:914} INFO - Processing file /opt/airflow/dags/my_dag.py for tasks to queue
[2025-12-10T19:04:52.570+0000] {logging_mixin.py:190} INFO - [2025-12-10T19:04:52.570+0000] {dagbag.py:588} INFO - Filling up the DagBag from /opt/airflow/dags/my_dag.py
[2025-12-10T19:04:52.670+0000] {processor.py:925} INFO - DAG(s) 'my_dag' retrieved from /opt/airflow/dags/my_dag.py
[2025-12-10T19:04:52.693+0000] {logging_mixin.py:190} INFO - [2025-12-10T19:04:52.693+0000] {dag.py:3239} INFO - Sync 1 DAGs
[2025-12-10T19:04:52.714+0000] {logging_mixin.py:190} INFO - [2025-12-10T19:04:52.714+0000] {dag.py:4180} INFO - Setting next_dagrun for my_dag to 2025-12-10 00:00:00+00:00, run_after=2025-12-11 00:00:00+00:00
[2025-12-10T19:04:52.744+0000] {processor.py:208} INFO - Processing /opt/airflow/dags/my_dag.py took 0.186 seconds
[2025-12-10T19:05:23.076+0000] {processor.py:186} INFO - Started process (PID=50) to work on /opt/airflow/dags/my_dag.py
[2025-12-10T19:05:23.078+0000] {processor.py:914} INFO - Processing file /opt/airflow/dags/my_dag.py for tasks to queue
[2025-12-10T19:05:23.080+0000] {logging_mixin.py:190} INFO - [2025-12-10T19:05:23.080+0000] {dagbag.py:588} INFO - Filling up the DagBag from /opt/airflow/dags/my_dag.py
[2025-12-10T19:05:23.119+0000] {processor.py:925} INFO - DAG(s) 'my_dag' retrieved from /opt/airflow/dags/my_dag.py
[2025-12-10T19:05:23.143+0000] {logging_mixin.py:190} INFO - [2025-12-10T19:05:23.143+0000] {dag.py:3239} INFO - Sync 1 DAGs
[2025-12-10T19:05:23.165+0000] {logging_mixin.py:190} INFO - [2025-12-10T19:05:23.165+0000] {dag.py:4180} INFO - Setting next_dagrun for my_dag to 2025-12-10 00:00:00+00:00, run_after=2025-12-11 00:00:00+00:00
[2025-12-10T19:05:23.189+0000] {processor.py:208} INFO - Processing /opt/airflow/dags/my_dag.py took 0.118 seconds
[2025-12-10T19:05:53.565+0000] {processor.py:186} INFO - Started process (PID=51) to work on /opt/airflow/dags/my_dag.py
[2025-12-10T19:05:53.567+0000] {processor.py:914} INFO - Processing file /opt/airflow/dags/my_dag.py for tasks to queue
[2025-12-10T19:05:53.571+0000] {logging_mixin.py:190} INFO - [2025-12-10T19:05:53.570+0000] {dagbag.py:588} INFO - Filling up the DagBag from /opt/airflow/dags/my_dag.py
[2025-12-10T19:05:53.599+0000] {processor.py:925} INFO - DAG(s) 'my_dag' retrieved from /opt/airflow/dags/my_dag.py
[2025-12-10T19:05:53.622+0000] {logging_mixin.py:190} INFO - [2025-12-10T19:05:53.622+0000] {dag.py:3239} INFO - Sync 1 DAGs
[2025-12-10T19:05:53.645+0000] {logging_mixin.py:190} INFO - [2025-12-10T19:05:53.645+0000] {dag.py:4180} INFO - Setting next_dagrun for my_dag to 2025-12-10 00:00:00+00:00, run_after=2025-12-11 00:00:00+00:00
[2025-12-10T19:05:53.674+0000] {processor.py:208} INFO - Processing /opt/airflow/dags/my_dag.py took 0.116 seconds
[2025-12-10T19:06:24.050+0000] {processor.py:186} INFO - Started process (PID=52) to work on /opt/airflow/dags/my_dag.py
[2025-12-10T19:06:24.052+0000] {processor.py:914} INFO - Processing file /opt/airflow/dags/my_dag.py for tasks to queue
[2025-12-10T19:06:24.058+0000] {logging_mixin.py:190} INFO - [2025-12-10T19:06:24.058+0000] {dagbag.py:588} INFO - Filling up the DagBag from /opt/airflow/dags/my_dag.py
[2025-12-10T19:06:24.112+0000] {processor.py:925} INFO - DAG(s) 'my_dag' retrieved from /opt/airflow/dags/my_dag.py
[2025-12-10T19:06:24.139+0000] {logging_mixin.py:190} INFO - [2025-12-10T19:06:24.139+0000] {dag.py:3239} INFO - Sync 1 DAGs
[2025-12-10T19:06:24.161+0000] {logging_mixin.py:190} INFO - [2025-12-10T19:06:24.161+0000] {dag.py:4180} INFO - Setting next_dagrun for my_dag to 2025-12-10 00:00:00+00:00, run_after=2025-12-11 00:00:00+00:00
[2025-12-10T19:06:24.190+0000] {processor.py:208} INFO - Processing /opt/airflow/dags/my_dag.py took 0.145 seconds
[2025-12-10T19:06:54.603+0000] {processor.py:186} INFO - Started process (PID=53) to work on /opt/airflow/dags/my_dag.py
[2025-12-10T19:06:54.616+0000] {processor.py:914} INFO - Processing file /opt/airflow/dags/my_dag.py for tasks to queue
[2025-12-10T19:06:54.621+0000] {logging_mixin.py:190} INFO - [2025-12-10T19:06:54.620+0000] {dagbag.py:588} INFO - Filling up the DagBag from /opt/airflow/dags/my_dag.py
[2025-12-10T19:06:54.681+0000] {processor.py:925} INFO - DAG(s) 'my_dag' retrieved from /opt/airflow/dags/my_dag.py
[2025-12-10T19:06:54.709+0000] {logging_mixin.py:190} INFO - [2025-12-10T19:06:54.709+0000] {dag.py:3239} INFO - Sync 1 DAGs
[2025-12-10T19:06:54.736+0000] {logging_mixin.py:190} INFO - [2025-12-10T19:06:54.736+0000] {dag.py:4180} INFO - Setting next_dagrun for my_dag to 2025-12-10 00:00:00+00:00, run_after=2025-12-11 00:00:00+00:00
[2025-12-10T19:06:54.773+0000] {processor.py:208} INFO - Processing /opt/airflow/dags/my_dag.py took 0.175 seconds
[2025-12-10T19:07:25.112+0000] {processor.py:186} INFO - Started process (PID=54) to work on /opt/airflow/dags/my_dag.py
[2025-12-10T19:07:25.114+0000] {processor.py:914} INFO - Processing file /opt/airflow/dags/my_dag.py for tasks to queue
[2025-12-10T19:07:25.119+0000] {logging_mixin.py:190} INFO - [2025-12-10T19:07:25.119+0000] {dagbag.py:588} INFO - Filling up the DagBag from /opt/airflow/dags/my_dag.py
[2025-12-10T19:07:25.156+0000] {processor.py:925} INFO - DAG(s) 'my_dag' retrieved from /opt/airflow/dags/my_dag.py
[2025-12-10T19:07:25.192+0000] {logging_mixin.py:190} INFO - [2025-12-10T19:07:25.191+0000] {dag.py:3239} INFO - Sync 1 DAGs
[2025-12-10T19:07:25.228+0000] {logging_mixin.py:190} INFO - [2025-12-10T19:07:25.227+0000] {dag.py:4180} INFO - Setting next_dagrun for my_dag to 2025-12-10 00:00:00+00:00, run_after=2025-12-11 00:00:00+00:00
[2025-12-10T19:07:25.259+0000] {processor.py:208} INFO - Processing /opt/airflow/dags/my_dag.py took 0.159 seconds
[2025-12-10T19:07:55.693+0000] {processor.py:186} INFO - Started process (PID=55) to work on /opt/airflow/dags/my_dag.py
[2025-12-10T19:07:55.697+0000] {processor.py:914} INFO - Processing file /opt/airflow/dags/my_dag.py for tasks to queue
[2025-12-10T19:07:55.702+0000] {logging_mixin.py:190} INFO - [2025-12-10T19:07:55.702+0000] {dagbag.py:588} INFO - Filling up the DagBag from /opt/airflow/dags/my_dag.py
[2025-12-10T19:07:55.781+0000] {processor.py:925} INFO - DAG(s) 'my_dag' retrieved from /opt/airflow/dags/my_dag.py
[2025-12-10T19:07:55.804+0000] {logging_mixin.py:190} INFO - [2025-12-10T19:07:55.803+0000] {dag.py:3239} INFO - Sync 1 DAGs
[2025-12-10T19:07:55.827+0000] {logging_mixin.py:190} INFO - [2025-12-10T19:07:55.826+0000] {dag.py:4180} INFO - Setting next_dagrun for my_dag to 2025-12-10 00:00:00+00:00, run_after=2025-12-11 00:00:00+00:00
[2025-12-10T19:07:55.855+0000] {processor.py:208} INFO - Processing /opt/airflow/dags/my_dag.py took 0.167 seconds
[2025-12-10T19:08:26.095+0000] {processor.py:186} INFO - Started process (PID=56) to work on /opt/airflow/dags/my_dag.py
[2025-12-10T19:08:26.098+0000] {processor.py:914} INFO - Processing file /opt/airflow/dags/my_dag.py for tasks to queue
[2025-12-10T19:08:26.103+0000] {logging_mixin.py:190} INFO - [2025-12-10T19:08:26.103+0000] {dagbag.py:588} INFO - Filling up the DagBag from /opt/airflow/dags/my_dag.py
[2025-12-10T19:08:26.212+0000] {processor.py:925} INFO - DAG(s) 'my_dag' retrieved from /opt/airflow/dags/my_dag.py
[2025-12-10T19:08:26.239+0000] {logging_mixin.py:190} INFO - [2025-12-10T19:08:26.239+0000] {dag.py:3239} INFO - Sync 1 DAGs
[2025-12-10T19:08:26.267+0000] {logging_mixin.py:190} INFO - [2025-12-10T19:08:26.266+0000] {dag.py:4180} INFO - Setting next_dagrun for my_dag to 2025-12-10 00:00:00+00:00, run_after=2025-12-11 00:00:00+00:00
[2025-12-10T19:08:26.296+0000] {processor.py:208} INFO - Processing /opt/airflow/dags/my_dag.py took 0.207 seconds
[2025-12-10T19:08:56.660+0000] {processor.py:186} INFO - Started process (PID=57) to work on /opt/airflow/dags/my_dag.py
[2025-12-10T19:08:56.661+0000] {processor.py:914} INFO - Processing file /opt/airflow/dags/my_dag.py for tasks to queue
[2025-12-10T19:08:56.663+0000] {logging_mixin.py:190} INFO - [2025-12-10T19:08:56.663+0000] {dagbag.py:588} INFO - Filling up the DagBag from /opt/airflow/dags/my_dag.py
[2025-12-10T19:08:56.686+0000] {processor.py:925} INFO - DAG(s) 'my_dag' retrieved from /opt/airflow/dags/my_dag.py
[2025-12-10T19:08:56.710+0000] {logging_mixin.py:190} INFO - [2025-12-10T19:08:56.710+0000] {dag.py:3239} INFO - Sync 1 DAGs
[2025-12-10T19:08:56.731+0000] {logging_mixin.py:190} INFO - [2025-12-10T19:08:56.731+0000] {dag.py:4180} INFO - Setting next_dagrun for my_dag to 2025-12-10 00:00:00+00:00, run_after=2025-12-11 00:00:00+00:00
[2025-12-10T19:08:56.759+0000] {processor.py:208} INFO - Processing /opt/airflow/dags/my_dag.py took 0.104 seconds
[2025-12-10T19:09:27.106+0000] {processor.py:186} INFO - Started process (PID=58) to work on /opt/airflow/dags/my_dag.py
[2025-12-10T19:09:27.108+0000] {processor.py:914} INFO - Processing file /opt/airflow/dags/my_dag.py for tasks to queue
[2025-12-10T19:09:27.110+0000] {logging_mixin.py:190} INFO - [2025-12-10T19:09:27.110+0000] {dagbag.py:588} INFO - Filling up the DagBag from /opt/airflow/dags/my_dag.py
[2025-12-10T19:09:27.133+0000] {processor.py:925} INFO - DAG(s) 'my_dag' retrieved from /opt/airflow/dags/my_dag.py
[2025-12-10T19:09:27.153+0000] {logging_mixin.py:190} INFO - [2025-12-10T19:09:27.153+0000] {dag.py:3239} INFO - Sync 1 DAGs
[2025-12-10T19:09:27.181+0000] {logging_mixin.py:190} INFO - [2025-12-10T19:09:27.181+0000] {dag.py:4180} INFO - Setting next_dagrun for my_dag to 2025-12-10 00:00:00+00:00, run_after=2025-12-11 00:00:00+00:00
[2025-12-10T19:09:27.212+0000] {processor.py:208} INFO - Processing /opt/airflow/dags/my_dag.py took 0.111 seconds
[2025-12-10T19:09:57.617+0000] {processor.py:186} INFO - Started process (PID=59) to work on /opt/airflow/dags/my_dag.py
[2025-12-10T19:09:57.619+0000] {processor.py:914} INFO - Processing file /opt/airflow/dags/my_dag.py for tasks to queue
[2025-12-10T19:09:57.624+0000] {logging_mixin.py:190} INFO - [2025-12-10T19:09:57.624+0000] {dagbag.py:588} INFO - Filling up the DagBag from /opt/airflow/dags/my_dag.py
[2025-12-10T19:09:57.649+0000] {processor.py:925} INFO - DAG(s) 'my_dag' retrieved from /opt/airflow/dags/my_dag.py
[2025-12-10T19:09:57.675+0000] {logging_mixin.py:190} INFO - [2025-12-10T19:09:57.674+0000] {dag.py:3239} INFO - Sync 1 DAGs
[2025-12-10T19:09:57.705+0000] {logging_mixin.py:190} INFO - [2025-12-10T19:09:57.704+0000] {dag.py:4180} INFO - Setting next_dagrun for my_dag to 2025-12-10 00:00:00+00:00, run_after=2025-12-11 00:00:00+00:00
[2025-12-10T19:09:57.735+0000] {processor.py:208} INFO - Processing /opt/airflow/dags/my_dag.py took 0.125 seconds
[2025-12-10T19:10:28.192+0000] {processor.py:186} INFO - Started process (PID=60) to work on /opt/airflow/dags/my_dag.py
[2025-12-10T19:10:28.194+0000] {processor.py:914} INFO - Processing file /opt/airflow/dags/my_dag.py for tasks to queue
[2025-12-10T19:10:28.196+0000] {logging_mixin.py:190} INFO - [2025-12-10T19:10:28.196+0000] {dagbag.py:588} INFO - Filling up the DagBag from /opt/airflow/dags/my_dag.py
[2025-12-10T19:10:28.225+0000] {processor.py:925} INFO - DAG(s) 'my_dag' retrieved from /opt/airflow/dags/my_dag.py
[2025-12-10T19:10:28.249+0000] {logging_mixin.py:190} INFO - [2025-12-10T19:10:28.249+0000] {dag.py:3239} INFO - Sync 1 DAGs
[2025-12-10T19:10:28.273+0000] {logging_mixin.py:190} INFO - [2025-12-10T19:10:28.272+0000] {dag.py:4180} INFO - Setting next_dagrun for my_dag to 2025-12-10 00:00:00+00:00, run_after=2025-12-11 00:00:00+00:00
[2025-12-10T19:10:28.299+0000] {processor.py:208} INFO - Processing /opt/airflow/dags/my_dag.py took 0.112 seconds
[2025-12-10T19:10:58.938+0000] {processor.py:186} INFO - Started process (PID=61) to work on /opt/airflow/dags/my_dag.py
[2025-12-10T19:10:58.939+0000] {processor.py:914} INFO - Processing file /opt/airflow/dags/my_dag.py for tasks to queue
[2025-12-10T19:10:58.941+0000] {logging_mixin.py:190} INFO - [2025-12-10T19:10:58.941+0000] {dagbag.py:588} INFO - Filling up the DagBag from /opt/airflow/dags/my_dag.py
[2025-12-10T19:10:58.968+0000] {processor.py:925} INFO - DAG(s) 'my_dag' retrieved from /opt/airflow/dags/my_dag.py
[2025-12-10T19:10:58.998+0000] {logging_mixin.py:190} INFO - [2025-12-10T19:10:58.998+0000] {dag.py:3239} INFO - Sync 1 DAGs
[2025-12-10T19:10:59.027+0000] {logging_mixin.py:190} INFO - [2025-12-10T19:10:59.026+0000] {dag.py:4180} INFO - Setting next_dagrun for my_dag to 2025-12-10 00:00:00+00:00, run_after=2025-12-11 00:00:00+00:00
[2025-12-10T19:10:59.049+0000] {processor.py:208} INFO - Processing /opt/airflow/dags/my_dag.py took 0.117 seconds
[2025-12-10T19:11:29.797+0000] {processor.py:186} INFO - Started process (PID=62) to work on /opt/airflow/dags/my_dag.py
[2025-12-10T19:11:29.799+0000] {processor.py:914} INFO - Processing file /opt/airflow/dags/my_dag.py for tasks to queue
[2025-12-10T19:11:29.802+0000] {logging_mixin.py:190} INFO - [2025-12-10T19:11:29.802+0000] {dagbag.py:588} INFO - Filling up the DagBag from /opt/airflow/dags/my_dag.py
[2025-12-10T19:11:29.849+0000] {processor.py:925} INFO - DAG(s) 'my_dag' retrieved from /opt/airflow/dags/my_dag.py
[2025-12-10T19:11:29.876+0000] {logging_mixin.py:190} INFO - [2025-12-10T19:11:29.876+0000] {dag.py:3239} INFO - Sync 1 DAGs
[2025-12-10T19:11:29.901+0000] {logging_mixin.py:190} INFO - [2025-12-10T19:11:29.901+0000] {dag.py:4180} INFO - Setting next_dagrun for my_dag to 2025-12-10 00:00:00+00:00, run_after=2025-12-11 00:00:00+00:00
[2025-12-10T19:11:29.925+0000] {processor.py:208} INFO - Processing /opt/airflow/dags/my_dag.py took 0.133 seconds
[2025-12-10T19:12:00.376+0000] {processor.py:186} INFO - Started process (PID=63) to work on /opt/airflow/dags/my_dag.py
[2025-12-10T19:12:00.377+0000] {processor.py:914} INFO - Processing file /opt/airflow/dags/my_dag.py for tasks to queue
[2025-12-10T19:12:00.379+0000] {logging_mixin.py:190} INFO - [2025-12-10T19:12:00.379+0000] {dagbag.py:588} INFO - Filling up the DagBag from /opt/airflow/dags/my_dag.py
[2025-12-10T19:12:00.399+0000] {processor.py:925} INFO - DAG(s) 'my_dag' retrieved from /opt/airflow/dags/my_dag.py
[2025-12-10T19:12:00.420+0000] {logging_mixin.py:190} INFO - [2025-12-10T19:12:00.420+0000] {dag.py:3239} INFO - Sync 1 DAGs
[2025-12-10T19:12:00.442+0000] {logging_mixin.py:190} INFO - [2025-12-10T19:12:00.442+0000] {dag.py:4180} INFO - Setting next_dagrun for my_dag to 2025-12-10 00:00:00+00:00, run_after=2025-12-11 00:00:00+00:00
[2025-12-10T19:12:00.460+0000] {processor.py:208} INFO - Processing /opt/airflow/dags/my_dag.py took 0.089 seconds
[2025-12-10T19:12:31.192+0000] {processor.py:186} INFO - Started process (PID=64) to work on /opt/airflow/dags/my_dag.py
[2025-12-10T19:12:31.200+0000] {processor.py:914} INFO - Processing file /opt/airflow/dags/my_dag.py for tasks to queue
[2025-12-10T19:12:31.209+0000] {logging_mixin.py:190} INFO - [2025-12-10T19:12:31.209+0000] {dagbag.py:588} INFO - Filling up the DagBag from /opt/airflow/dags/my_dag.py
[2025-12-10T19:12:31.435+0000] {processor.py:925} INFO - DAG(s) 'my_dag' retrieved from /opt/airflow/dags/my_dag.py
[2025-12-10T19:12:31.463+0000] {logging_mixin.py:190} INFO - [2025-12-10T19:12:31.463+0000] {dag.py:3239} INFO - Sync 1 DAGs
[2025-12-10T19:12:31.487+0000] {logging_mixin.py:190} INFO - [2025-12-10T19:12:31.487+0000] {dag.py:4180} INFO - Setting next_dagrun for my_dag to 2025-12-10 00:00:00+00:00, run_after=2025-12-11 00:00:00+00:00
[2025-12-10T19:12:31.515+0000] {processor.py:208} INFO - Processing /opt/airflow/dags/my_dag.py took 0.330 seconds
[2025-12-10T19:13:01.678+0000] {processor.py:186} INFO - Started process (PID=65) to work on /opt/airflow/dags/my_dag.py
[2025-12-10T19:13:01.681+0000] {processor.py:914} INFO - Processing file /opt/airflow/dags/my_dag.py for tasks to queue
[2025-12-10T19:13:01.683+0000] {logging_mixin.py:190} INFO - [2025-12-10T19:13:01.683+0000] {dagbag.py:588} INFO - Filling up the DagBag from /opt/airflow/dags/my_dag.py
[2025-12-10T19:13:01.752+0000] {processor.py:925} INFO - DAG(s) 'my_dag' retrieved from /opt/airflow/dags/my_dag.py
[2025-12-10T19:13:01.773+0000] {logging_mixin.py:190} INFO - [2025-12-10T19:13:01.773+0000] {dag.py:3239} INFO - Sync 1 DAGs
[2025-12-10T19:13:01.794+0000] {logging_mixin.py:190} INFO - [2025-12-10T19:13:01.794+0000] {dag.py:4180} INFO - Setting next_dagrun for my_dag to 2025-12-10 00:00:00+00:00, run_after=2025-12-11 00:00:00+00:00
[2025-12-10T19:13:01.815+0000] {processor.py:208} INFO - Processing /opt/airflow/dags/my_dag.py took 0.144 seconds
[2025-12-10T19:13:32.188+0000] {processor.py:186} INFO - Started process (PID=66) to work on /opt/airflow/dags/my_dag.py
[2025-12-10T19:13:32.189+0000] {processor.py:914} INFO - Processing file /opt/airflow/dags/my_dag.py for tasks to queue
[2025-12-10T19:13:32.192+0000] {logging_mixin.py:190} INFO - [2025-12-10T19:13:32.191+0000] {dagbag.py:588} INFO - Filling up the DagBag from /opt/airflow/dags/my_dag.py
[2025-12-10T19:13:32.214+0000] {processor.py:925} INFO - DAG(s) 'my_dag' retrieved from /opt/airflow/dags/my_dag.py
[2025-12-10T19:13:32.232+0000] {logging_mixin.py:190} INFO - [2025-12-10T19:13:32.232+0000] {dag.py:3239} INFO - Sync 1 DAGs
[2025-12-10T19:13:32.250+0000] {logging_mixin.py:190} INFO - [2025-12-10T19:13:32.250+0000] {dag.py:4180} INFO - Setting next_dagrun for my_dag to 2025-12-10 00:00:00+00:00, run_after=2025-12-11 00:00:00+00:00
[2025-12-10T19:13:32.272+0000] {processor.py:208} INFO - Processing /opt/airflow/dags/my_dag.py took 0.089 seconds
[2025-12-10T19:14:03.057+0000] {processor.py:186} INFO - Started process (PID=67) to work on /opt/airflow/dags/my_dag.py
[2025-12-10T19:14:03.058+0000] {processor.py:914} INFO - Processing file /opt/airflow/dags/my_dag.py for tasks to queue
[2025-12-10T19:14:03.059+0000] {logging_mixin.py:190} INFO - [2025-12-10T19:14:03.059+0000] {dagbag.py:588} INFO - Filling up the DagBag from /opt/airflow/dags/my_dag.py
[2025-12-10T19:14:03.075+0000] {processor.py:925} INFO - DAG(s) 'my_dag' retrieved from /opt/airflow/dags/my_dag.py
[2025-12-10T19:14:03.092+0000] {logging_mixin.py:190} INFO - [2025-12-10T19:14:03.092+0000] {dag.py:3239} INFO - Sync 1 DAGs
[2025-12-10T19:14:03.108+0000] {logging_mixin.py:190} INFO - [2025-12-10T19:14:03.108+0000] {dag.py:4180} INFO - Setting next_dagrun for my_dag to 2025-12-10 00:00:00+00:00, run_after=2025-12-11 00:00:00+00:00
[2025-12-10T19:14:03.132+0000] {processor.py:208} INFO - Processing /opt/airflow/dags/my_dag.py took 0.080 seconds
[2025-12-10T19:14:33.574+0000] {processor.py:186} INFO - Started process (PID=68) to work on /opt/airflow/dags/my_dag.py
[2025-12-10T19:14:33.575+0000] {processor.py:914} INFO - Processing file /opt/airflow/dags/my_dag.py for tasks to queue
[2025-12-10T19:14:33.577+0000] {logging_mixin.py:190} INFO - [2025-12-10T19:14:33.576+0000] {dagbag.py:588} INFO - Filling up the DagBag from /opt/airflow/dags/my_dag.py
[2025-12-10T19:14:33.592+0000] {processor.py:925} INFO - DAG(s) 'my_dag' retrieved from /opt/airflow/dags/my_dag.py
[2025-12-10T19:14:33.609+0000] {logging_mixin.py:190} INFO - [2025-12-10T19:14:33.609+0000] {dag.py:3239} INFO - Sync 1 DAGs
[2025-12-10T19:14:33.627+0000] {logging_mixin.py:190} INFO - [2025-12-10T19:14:33.627+0000] {dag.py:4180} INFO - Setting next_dagrun for my_dag to 2025-12-10 00:00:00+00:00, run_after=2025-12-11 00:00:00+00:00
[2025-12-10T19:14:33.649+0000] {processor.py:208} INFO - Processing /opt/airflow/dags/my_dag.py took 0.080 seconds
[2025-12-10T19:15:04.090+0000] {processor.py:186} INFO - Started process (PID=69) to work on /opt/airflow/dags/my_dag.py
[2025-12-10T19:15:04.091+0000] {processor.py:914} INFO - Processing file /opt/airflow/dags/my_dag.py for tasks to queue
[2025-12-10T19:15:04.093+0000] {logging_mixin.py:190} INFO - [2025-12-10T19:15:04.093+0000] {dagbag.py:588} INFO - Filling up the DagBag from /opt/airflow/dags/my_dag.py
[2025-12-10T19:15:04.108+0000] {processor.py:925} INFO - DAG(s) 'my_dag' retrieved from /opt/airflow/dags/my_dag.py
[2025-12-10T19:15:04.125+0000] {logging_mixin.py:190} INFO - [2025-12-10T19:15:04.125+0000] {dag.py:3239} INFO - Sync 1 DAGs
[2025-12-10T19:15:04.144+0000] {logging_mixin.py:190} INFO - [2025-12-10T19:15:04.143+0000] {dag.py:4180} INFO - Setting next_dagrun for my_dag to 2025-12-10 00:00:00+00:00, run_after=2025-12-11 00:00:00+00:00
[2025-12-10T19:15:04.166+0000] {processor.py:208} INFO - Processing /opt/airflow/dags/my_dag.py took 0.080 seconds
[2025-12-10T19:15:34.627+0000] {processor.py:186} INFO - Started process (PID=70) to work on /opt/airflow/dags/my_dag.py
[2025-12-10T19:15:34.629+0000] {processor.py:914} INFO - Processing file /opt/airflow/dags/my_dag.py for tasks to queue
[2025-12-10T19:15:34.631+0000] {logging_mixin.py:190} INFO - [2025-12-10T19:15:34.631+0000] {dagbag.py:588} INFO - Filling up the DagBag from /opt/airflow/dags/my_dag.py
[2025-12-10T19:15:34.661+0000] {processor.py:925} INFO - DAG(s) 'my_dag' retrieved from /opt/airflow/dags/my_dag.py
[2025-12-10T19:15:34.681+0000] {logging_mixin.py:190} INFO - [2025-12-10T19:15:34.681+0000] {dag.py:3239} INFO - Sync 1 DAGs
[2025-12-10T19:15:34.699+0000] {logging_mixin.py:190} INFO - [2025-12-10T19:15:34.699+0000] {dag.py:4180} INFO - Setting next_dagrun for my_dag to 2025-12-10 00:00:00+00:00, run_after=2025-12-11 00:00:00+00:00
[2025-12-10T19:15:34.721+0000] {processor.py:208} INFO - Processing /opt/airflow/dags/my_dag.py took 0.098 seconds
[2025-12-10T19:16:05.215+0000] {processor.py:186} INFO - Started process (PID=71) to work on /opt/airflow/dags/my_dag.py
[2025-12-10T19:16:05.216+0000] {processor.py:914} INFO - Processing file /opt/airflow/dags/my_dag.py for tasks to queue
[2025-12-10T19:16:05.218+0000] {logging_mixin.py:190} INFO - [2025-12-10T19:16:05.218+0000] {dagbag.py:588} INFO - Filling up the DagBag from /opt/airflow/dags/my_dag.py
[2025-12-10T19:16:05.261+0000] {processor.py:925} INFO - DAG(s) 'my_dag' retrieved from /opt/airflow/dags/my_dag.py
[2025-12-10T19:16:05.282+0000] {logging_mixin.py:190} INFO - [2025-12-10T19:16:05.281+0000] {dag.py:3239} INFO - Sync 1 DAGs
[2025-12-10T19:16:05.299+0000] {logging_mixin.py:190} INFO - [2025-12-10T19:16:05.299+0000] {dag.py:4180} INFO - Setting next_dagrun for my_dag to 2025-12-10 00:00:00+00:00, run_after=2025-12-11 00:00:00+00:00
[2025-12-10T19:16:05.324+0000] {processor.py:208} INFO - Processing /opt/airflow/dags/my_dag.py took 0.114 seconds
[2025-12-10T19:16:35.867+0000] {processor.py:186} INFO - Started process (PID=72) to work on /opt/airflow/dags/my_dag.py
[2025-12-10T19:16:35.868+0000] {processor.py:914} INFO - Processing file /opt/airflow/dags/my_dag.py for tasks to queue
[2025-12-10T19:16:35.870+0000] {logging_mixin.py:190} INFO - [2025-12-10T19:16:35.870+0000] {dagbag.py:588} INFO - Filling up the DagBag from /opt/airflow/dags/my_dag.py
[2025-12-10T19:16:35.885+0000] {processor.py:925} INFO - DAG(s) 'my_dag' retrieved from /opt/airflow/dags/my_dag.py
[2025-12-10T19:16:35.902+0000] {logging_mixin.py:190} INFO - [2025-12-10T19:16:35.902+0000] {dag.py:3239} INFO - Sync 1 DAGs
[2025-12-10T19:16:35.919+0000] {logging_mixin.py:190} INFO - [2025-12-10T19:16:35.919+0000] {dag.py:4180} INFO - Setting next_dagrun for my_dag to 2025-12-10 00:00:00+00:00, run_after=2025-12-11 00:00:00+00:00
[2025-12-10T19:16:35.939+0000] {processor.py:208} INFO - Processing /opt/airflow/dags/my_dag.py took 0.077 seconds
[2025-12-10T19:17:06.556+0000] {processor.py:186} INFO - Started process (PID=73) to work on /opt/airflow/dags/my_dag.py
[2025-12-10T19:17:06.557+0000] {processor.py:914} INFO - Processing file /opt/airflow/dags/my_dag.py for tasks to queue
[2025-12-10T19:17:06.559+0000] {logging_mixin.py:190} INFO - [2025-12-10T19:17:06.559+0000] {dagbag.py:588} INFO - Filling up the DagBag from /opt/airflow/dags/my_dag.py
[2025-12-10T19:17:06.573+0000] {processor.py:925} INFO - DAG(s) 'my_dag' retrieved from /opt/airflow/dags/my_dag.py
[2025-12-10T19:17:06.592+0000] {logging_mixin.py:190} INFO - [2025-12-10T19:17:06.591+0000] {dag.py:3239} INFO - Sync 1 DAGs
[2025-12-10T19:17:06.614+0000] {logging_mixin.py:190} INFO - [2025-12-10T19:17:06.614+0000] {dag.py:4180} INFO - Setting next_dagrun for my_dag to 2025-12-10 00:00:00+00:00, run_after=2025-12-11 00:00:00+00:00
[2025-12-10T19:17:06.646+0000] {processor.py:208} INFO - Processing /opt/airflow/dags/my_dag.py took 0.094 seconds
[2025-12-10T19:17:38.014+0000] {processor.py:186} INFO - Started process (PID=74) to work on /opt/airflow/dags/my_dag.py
[2025-12-10T19:17:38.019+0000] {processor.py:914} INFO - Processing file /opt/airflow/dags/my_dag.py for tasks to queue
[2025-12-10T19:17:38.025+0000] {logging_mixin.py:190} INFO - [2025-12-10T19:17:38.024+0000] {dagbag.py:588} INFO - Filling up the DagBag from /opt/airflow/dags/my_dag.py
[2025-12-10T19:17:38.073+0000] {processor.py:925} INFO - DAG(s) 'my_dag' retrieved from /opt/airflow/dags/my_dag.py
[2025-12-10T19:17:38.099+0000] {logging_mixin.py:190} INFO - [2025-12-10T19:17:38.099+0000] {dag.py:3239} INFO - Sync 1 DAGs
[2025-12-10T19:17:38.131+0000] {logging_mixin.py:190} INFO - [2025-12-10T19:17:38.131+0000] {dag.py:4180} INFO - Setting next_dagrun for my_dag to 2025-12-10 00:00:00+00:00, run_after=2025-12-11 00:00:00+00:00
[2025-12-10T19:17:38.163+0000] {processor.py:208} INFO - Processing /opt/airflow/dags/my_dag.py took 0.157 seconds
[2025-12-10T20:42:12.851+0000] {processor.py:186} INFO - Started process (PID=75) to work on /opt/airflow/dags/my_dag.py
[2025-12-10T20:42:12.853+0000] {processor.py:914} INFO - Processing file /opt/airflow/dags/my_dag.py for tasks to queue
[2025-12-10T20:42:12.857+0000] {logging_mixin.py:190} INFO - [2025-12-10T20:42:12.856+0000] {dagbag.py:588} INFO - Filling up the DagBag from /opt/airflow/dags/my_dag.py
[2025-12-10T20:42:12.905+0000] {processor.py:925} INFO - DAG(s) 'my_dag' retrieved from /opt/airflow/dags/my_dag.py
[2025-12-10T20:42:12.934+0000] {logging_mixin.py:190} INFO - [2025-12-10T20:42:12.933+0000] {dag.py:3239} INFO - Sync 1 DAGs
[2025-12-10T20:42:12.970+0000] {logging_mixin.py:190} INFO - [2025-12-10T20:42:12.970+0000] {dag.py:4180} INFO - Setting next_dagrun for my_dag to 2025-12-10 00:00:00+00:00, run_after=2025-12-11 00:00:00+00:00
[2025-12-10T20:42:13.001+0000] {processor.py:208} INFO - Processing /opt/airflow/dags/my_dag.py took 0.155 seconds
[2025-12-10T20:42:54.231+0000] {processor.py:186} INFO - Started process (PID=76) to work on /opt/airflow/dags/my_dag.py
[2025-12-10T20:42:54.234+0000] {processor.py:914} INFO - Processing file /opt/airflow/dags/my_dag.py for tasks to queue
[2025-12-10T20:42:54.241+0000] {logging_mixin.py:190} INFO - [2025-12-10T20:42:54.241+0000] {dagbag.py:588} INFO - Filling up the DagBag from /opt/airflow/dags/my_dag.py
[2025-12-10T20:42:54.351+0000] {processor.py:925} INFO - DAG(s) 'my_dag' retrieved from /opt/airflow/dags/my_dag.py
[2025-12-10T20:42:54.440+0000] {logging_mixin.py:190} INFO - [2025-12-10T20:42:54.440+0000] {dag.py:3239} INFO - Sync 1 DAGs
[2025-12-10T20:42:54.480+0000] {logging_mixin.py:190} INFO - [2025-12-10T20:42:54.480+0000] {dag.py:4180} INFO - Setting next_dagrun for my_dag to 2025-12-10 00:00:00+00:00, run_after=2025-12-11 00:00:00+00:00
[2025-12-10T20:42:54.517+0000] {processor.py:208} INFO - Processing /opt/airflow/dags/my_dag.py took 0.304 seconds
